Assuming unrestricted shared filesystem usage.
host: LAPTOP-S4O3DLHT
Building DAG of jobs...
Using shell: /usr/bin/bash
Provided cores: 1 (use --cores to define parallelism)
Rules claiming more threads will be scaled down.
Job stats:
job         count
--------  -------
all             1
nanoplot        1
total           2

Select jobs to execute...
Execute 1 jobs...
[Fri Mar 13 01:27:32 2026]
localrule nanoplot:
    input: barcode77.fastq
    output: qc/nanoplot.html
    jobid: 1
    reason: Missing output files: qc/nanoplot.html
    resources: tmpdir=/tmp
RuleException:
CalledProcessError in file "/mnt/c/Users/90541/nanopore_project/Snakefile", line 11:
Command 'set -euo pipefail;  NanoPlot --fastq barcode77.fastq --outdir qc' returned non-zero exit status 127.
[Fri Mar 13 01:27:32 2026]
Error in rule nanoplot:
    message: None
    jobid: 1
    input: barcode77.fastq
    output: qc/nanoplot.html
    shell:
        NanoPlot --fastq barcode77.fastq --outdir qc
        (command exited with non-zero exit code)
Shutting down, this might take some time.
Exiting because a job execution failed. Look below for error messages
[Fri Mar 13 01:27:32 2026]
Error in rule nanoplot:
    message: None
    jobid: 1
    input: barcode77.fastq
    output: qc/nanoplot.html
    shell:
        NanoPlot --fastq barcode77.fastq --outdir qc
        (command exited with non-zero exit code)
Complete log(s): /mnt/c/Users/90541/nanopore_project/.snakemake/log/2026-03-13T012731.980344.snakemake.log
WorkflowError:
At least one job did not complete successfully.
